<?xml version="1.0" encoding="UTF-8"?>
<!-- Generated by org.testng.reporters.JUnitReportReporter -->
<testsuite hostname="Sudesh" name="testNg.Report" tests="1" failures="0" timestamp="6 Jun 2022 05:36:19 GMT" time="0.000" errors="0">
  <testcase name="demo" time="0.000" classname="testNg.Report"/>
</testsuite> <!-- testNg.Report -->
